Traceback (most recent call last):
  File "download.py", line 29, in <module>
    main()
  File "download.py", line 26, in main
    stream.statuses.filter(locations=ATL_BOUNDING_BOX_CORNERS)
  File "/usr/local/lib/python2.7/dist-packages/twython/streaming/types.py", line 66, in filter
    self.streamer._request(url, 'POST', params=params)
  File "/usr/local/lib/python2.7/dist-packages/twython/streaming/api.py", line 154, in _request
    if self.on_success(data):  # pragma: no cover
  File "download.py", line 11, in on_success
    saveNewTweet(T)
  File "/home/QDoc/twitter/tweet.py", line 18, in saveNewTweet
    insertTweet(T)
  File "/home/QDoc/twitter/tweet.py", line 37, in insertTweet
    db.tweet.update({'guid': t['guid']}, {'$set': t}, upsert=True)
NameError: global name 't' is not defined
Traceback (most recent call last):
  File "download.py", line 29, in <module>
    main()
  File "download.py", line 26, in main
    stream.statuses.filter(locations=ATL_BOUNDING_BOX_CORNERS)
  File "/usr/local/lib/python2.7/dist-packages/twython/streaming/types.py", line 66, in filter
    self.streamer._request(url, 'POST', params=params)
  File "/usr/local/lib/python2.7/dist-packages/twython/streaming/api.py", line 154, in _request
    if self.on_success(data):  # pragma: no cover
  File "download.py", line 11, in on_success
    saveNewTweet(T)
  File "/home/QDoc/twitter/tweet.py", line 18, in saveNewTweet
    insertTweet(T)
  File "/home/QDoc/twitter/tweet.py", line 37, in insertTweet
    db.tweet.update({'guid': t['guid']}, {'$set': t}, upsert=True)
NameError: global name 't' is not defined
Traceback (most recent call last):
  File "download.py", line 29, in <module>
    main()
  File "download.py", line 26, in main
    stream.statuses.filter(locations=ATL_BOUNDING_BOX_CORNERS)
  File "/usr/local/lib/python2.7/dist-packages/twython/streaming/types.py", line 66, in filter
    self.streamer._request(url, 'POST', params=params)
  File "/usr/local/lib/python2.7/dist-packages/twython/streaming/api.py", line 154, in _request
    if self.on_success(data):  # pragma: no cover
  File "download.py", line 11, in on_success
    saveNewTweet(T)
  File "/home/QDoc/twitter/tweet.py", line 18, in saveNewTweet
    insertTweet(T)
  File "/home/QDoc/twitter/tweet.py", line 37, in insertTweet
    db.tweet.update({'guid': t['guid']}, {'$set': t}, upsert=True)
NameError: global name 't' is not defined
Traceback (most recent call last):
  File "download.py", line 29, in <module>
    main()
  File "download.py", line 26, in main
    stream.statuses.filter(locations=ATL_BOUNDING_BOX_CORNERS)
  File "/usr/local/lib/python2.7/dist-packages/twython/streaming/types.py", line 66, in filter
    self.streamer._request(url, 'POST', params=params)
  File "/usr/local/lib/python2.7/dist-packages/twython/streaming/api.py", line 154, in _request
    if self.on_success(data):  # pragma: no cover
  File "download.py", line 11, in on_success
    saveNewTweet(T)
  File "/home/QDoc/twitter/tweet.py", line 18, in saveNewTweet
    insertTweet(T)
  File "/home/QDoc/twitter/tweet.py", line 37, in insertTweet
    db.tweet.update({'guid': t['guid']}, {'$set': t}, upsert=True)
NameError: global name 't' is not defined
Traceback (most recent call last):
  File "download.py", line 29, in <module>
    main()
  File "download.py", line 26, in main
    stream.statuses.filter(locations=ATL_BOUNDING_BOX_CORNERS)
  File "/usr/local/lib/python2.7/dist-packages/twython/streaming/types.py", line 66, in filter
    self.streamer._request(url, 'POST', params=params)
  File "/usr/local/lib/python2.7/dist-packages/twython/streaming/api.py", line 154, in _request
    if self.on_success(data):  # pragma: no cover
  File "download.py", line 11, in on_success
    saveNewTweet(T)
  File "/home/QDoc/twitter/tweet.py", line 18, in saveNewTweet
    insertTweet(T)
  File "/home/QDoc/twitter/tweet.py", line 37, in insertTweet
    db.tweet.update({'guid': t['guid']}, {'$set': t}, upsert=True)
NameError: global name 't' is not defined
